{
  "endpoint_id": 13,
  "aggregation_timestamp": "2025-12-16T03:14:51.469650Z",
  "total_runs": 3,
  "successful_runs": 0,
  "failed_runs": 3,
  "success_rate": 0.0,
  "generation_time": {
    "avg": 3.1483,
    "min": 3.041,
    "max": 3.3524,
    "std_dev": 0.1769,
    "count": 3
  },
  "cpu_usage": {
    "avg": 0.0,
    "min": 0.0,
    "max": 0.0,
    "std_dev": 0.0,
    "count": 3
  },
  "memory_usage": {
    "avg": 0.0,
    "min": 0.0,
    "max": 0.0,
    "std_dev": 0.0,
    "count": 3
  },
  "tests_generated": {
    "avg": 0.0,
    "min": 0.0,
    "max": 0.0,
    "std_dev": 0.0,
    "count": 3
  },
  "test_methods": {
    "avg": 0.0,
    "min": 0.0,
    "max": 0.0,
    "std_dev": 0.0,
    "count": 3
  },
  "assertions": {
    "avg": 0.0,
    "min": 0.0,
    "max": 0.0,
    "std_dev": 0.0,
    "count": 3
  },
  "exit_codes": {
    "values": [
      1,
      1,
      1
    ],
    "unique": [
      1
    ]
  },
  "timed_out_count": 0,
  "hung_up_count": 0,
  "error_summary": {
    "primary_error_type": "NO_CLASS_FILES",
    "error_types": {
      "NO_CLASS_FILES": 3
    },
    "total_compilation_errors": {
      "avg": 6.0,
      "min": 6.0,
      "max": 6.0,
      "std_dev": 0.0,
      "count": 3
    },
    "missing_packages_errors": {
      "avg": 2.0,
      "min": 2.0,
      "max": 2.0,
      "std_dev": 0.0,
      "count": 3
    },
    "unique_error_messages": [
      "No class files generated - compilation failed: [ERROR] /project/src/main/java/com/cloudhubs/trainticket/orderrelated/service/AssuranceService.java:[7,27] package jakarta.transaction does not exist [ERROR] /project/src/main/java/com/cloudhubs/trainticket/orderrelated/repository/AssuranceRepository.java:[7,27] package jakarta.transaction does not exist [ERROR] /project/src/main/java/com/cloudhubs/trainticket/orderrelated/service/AssuranceService.java:[51,6] cannot find symbol  "
    ]
  },
  "individual_runs": [
    {
      "run_number": 1,
      "duration_sec": 3.352435,
      "cpu_pct": 0,
      "memory_mb": 0,
      "tests": 0,
      "exit_code": 1,
      "error_type": "NO_CLASS_FILES",
      "error_message": "No class files generated - compilation failed: [ERROR] /project/src/main/java/com/cloudhubs/trainticket/orderrelated/service/AssuranceService.java:[7,27] package jakarta.transaction does not exist [ER"
    },
    {
      "run_number": 2,
      "duration_sec": 3.05136,
      "cpu_pct": 0,
      "memory_mb": 0,
      "tests": 0,
      "exit_code": 1,
      "error_type": "NO_CLASS_FILES",
      "error_message": "No class files generated - compilation failed: [ERROR] /project/src/main/java/com/cloudhubs/trainticket/orderrelated/service/AssuranceService.java:[7,27] package jakarta.transaction does not exist [ER"
    },
    {
      "run_number": 3,
      "duration_sec": 3.041009,
      "cpu_pct": 0,
      "memory_mb": 0,
      "tests": 0,
      "exit_code": 1,
      "error_type": "NO_CLASS_FILES",
      "error_message": "No class files generated - compilation failed: [ERROR] /project/src/main/java/com/cloudhubs/trainticket/orderrelated/service/AssuranceService.java:[7,27] package jakarta.transaction does not exist [ER"
    }
  ]
}